# JRE version: OpenJDK Runtime Environment Temurin-17.0.13+11 (17.0.13+11) (build 17.0.13+11)
# Java VM: OpenJDK 64-Bit Server VM Temurin-17.0.13+11 (17.0.13+11, mixed mode, tiered, compressed oops, compressed class ptrs, parallel gc, windows-amd64)
GC Precious Log:
 CPUs: 16 total, 16 available
 Memory: 16088M
 Large Page Support: Disabled
 NUMA Support: Disabled
 Compressed Oops: Enabled (32-bit)
 Alignments: Space 512K, Generation 512K, Heap 2M
 Heap Min Capacity: 100M
 Heap Initial Capacity: 100M
 Heap Max Capacity: 1G
 Pre-touch: Disabled
 Parallel Workers: 13
Heap:
 PSYoungGen      total 17920K, used 17471K [0x00000000eab00000, 0x00000000ec400000, 0x0000000100000000)
  eden space 14336K, 100% used [0x00000000eab00000,0x00000000eb900000,0x00000000eb900000)
  from space 3584K, 87% used [0x00000000ec080000,0x00000000ec38ffe8,0x00000000ec400000)
  to   space 5120K, 0% used [0x00000000eba00000,0x00000000eba00000,0x00000000ebf00000)
 ParOldGen       total 216576K, used 215655K [0x00000000c0000000, 0x00000000cd380000, 0x00000000eab00000)
  object space 216576K, 99% used [0x00000000c0000000,0x00000000cd299fc0,0x00000000cd380000)
 Metaspace       used 74656K, committed 75776K, reserved 1179648K
  class space    used 7843K, committed 8384K, reserved 1048576K
GC Heap History (20 events):
Event: 48.385 GC heap after
{Heap after GC invocations=103 (full 7):
 PSYoungGen      total 11776K, used 3054K [0x00000000eab00000, 0x00000000ebe00000, 0x0000000100000000)
  eden space 8704K, 0% used [0x00000000eab00000,0x00000000eab00000,0x00000000eb380000)
  from space 3072K, 99% used [0x00000000eb380000,0x00000000eb67b8e8,0x00000000eb680000)
  to   space 5120K, 0% used [0x00000000eb900000,0x00000000eb900000,0x00000000ebe00000)
 ParOldGen       total 177664K, used 153488K [0x00000000c0000000, 0x00000000cad80000, 0x00000000eab00000)
  object space 177664K, 86% used [0x00000000c0000000,0x00000000c95e4318,0x00000000cad80000)
 Metaspace       used 70914K, committed 72128K, reserved 1114112K
  class space    used 7472K, committed 8000K, reserved 1048576K
}
Event: 48.429 GC heap before
{Heap before GC invocations=104 (full 7):
 PSYoungGen      total 11776K, used 11758K [0x00000000eab00000, 0x00000000ebe00000, 0x0000000100000000)
  eden space 8704K, 100% used [0x00000000eab00000,0x00000000eb380000,0x00000000eb380000)
  from space 3072K, 99% used [0x00000000eb380000,0x00000000eb67b8e8,0x00000000eb680000)
  to   space 5120K, 0% used [0x00000000eb900000,0x00000000eb900000,0x00000000ebe00000)
 ParOldGen       total 177664K, used 153488K [0x00000000c0000000, 0x00000000cad80000, 0x00000000eab00000)
  object space 177664K, 86% used [0x00000000c0000000,0x00000000c95e4318,0x00000000cad80000)
 Metaspace       used 71028K, committed 72192K, reserved 1114112K
  class space    used 7486K, committed 8000K, reserved 1048576K
}
Event: 48.435 GC heap after
{Heap after GC invocations=104 (full 7):
 PSYoungGen      total 13312K, used 3251K [0x00000000eab00000, 0x00000000ebc80000, 0x0000000100000000)
  eden space 9728K, 0% used [0x00000000eab00000,0x00000000eab00000,0x00000000eb480000)
  from space 3584K, 90% used [0x00000000eb900000,0x00000000ebc2cf20,0x00000000ebc80000)
  to   space 4096K, 0% used [0x00000000eb480000,0x00000000eb480000,0x00000000eb880000)
 ParOldGen       total 177664K, used 155322K [0x00000000c0000000, 0x00000000cad80000, 0x00000000eab00000)
  object space 177664K, 87% used [0x00000000c0000000,0x00000000c97aea28,0x00000000cad80000)
 Metaspace       used 71028K, committed 72192K, reserved 1114112K
  class space    used 7486K, committed 8000K, reserved 1048576K
}
Event: 48.496 GC heap before
{Heap before GC invocations=105 (full 7):
 PSYoungGen      total 13312K, used 12979K [0x00000000eab00000, 0x00000000ebc80000, 0x0000000100000000)
  eden space 9728K, 100% used [0x00000000eab00000,0x00000000eb480000,0x00000000eb480000)
  from space 3584K, 90% used [0x00000000eb900000,0x00000000ebc2cf20,0x00000000ebc80000)
  to   space 4096K, 0% used [0x00000000eb480000,0x00000000eb480000,0x00000000eb880000)
 ParOldGen       total 177664K, used 155322K [0x00000000c0000000, 0x00000000cad80000, 0x00000000eab00000)
  object space 177664K, 87% used [0x00000000c0000000,0x00000000c97aea28,0x00000000cad80000)
 Metaspace       used 71413K, committed 72576K, reserved 1114112K
  class space    used 7527K, committed 8064K, reserved 1048576K
}
Event: 48.501 GC heap after
{Heap after GC invocations=105 (full 7):
 PSYoungGen      total 13824K, used 4085K [0x00000000eab00000, 0x00000000ec080000, 0x0000000100000000)
  eden space 9728K, 0% used [0x00000000eab00000,0x00000000eab00000,0x00000000eb480000)
  from space 4096K, 99% used [0x00000000eb480000,0x00000000eb87d678,0x00000000eb880000)
  to   space 5632K, 0% used [0x00000000ebb00000,0x00000000ebb00000,0x00000000ec080000)
 ParOldGen       total 177664K, used 156447K [0x00000000c0000000, 0x00000000cad80000, 0x00000000eab00000)
  object space 177664K, 88% used [0x00000000c0000000,0x00000000c98c7da8,0x00000000cad80000)
 Metaspace       used 71413K, committed 72576K, reserved 1114112K
  class space    used 7527K, committed 8064K, reserved 1048576K
}
Event: 48.560 GC heap before
{Heap before GC invocations=106 (full 7):
 PSYoungGen      total 13824K, used 13813K [0x00000000eab00000, 0x00000000ec080000, 0x0000000100000000)
  eden space 9728K, 100% used [0x00000000eab00000,0x00000000eb480000,0x00000000eb480000)
  from space 4096K, 99% used [0x00000000eb480000,0x00000000eb87d678,0x00000000eb880000)
  to   space 5632K, 0% used [0x00000000ebb00000,0x00000000ebb00000,0x00000000ec080000)
 ParOldGen       total 177664K, used 156447K [0x00000000c0000000, 0x00000000cad80000, 0x00000000eab00000)
  object space 177664K, 88% used [0x00000000c0000000,0x00000000c98c7da8,0x00000000cad80000)
 Metaspace       used 71547K, committed 72704K, reserved 1114112K
  class space    used 7541K, committed 8064K, reserved 1048576K
}
Event: 48.567 GC heap after
{Heap after GC invocations=106 (full 7):
 PSYoungGen      total 14848K, used 4068K [0x00000000eab00000, 0x00000000ebf00000, 0x0000000100000000)
  eden space 10752K, 0% used [0x00000000eab00000,0x00000000eab00000,0x00000000eb580000)
  from space 4096K, 99% used [0x00000000ebb00000,0x00000000ebef9238,0x00000000ebf00000)
  to   space 4608K, 0% used [0x00000000eb600000,0x00000000eb600000,0x00000000eba80000)
 ParOldGen       total 177664K, used 158855K [0x00000000c0000000, 0x00000000cad80000, 0x00000000eab00000)
  object space 177664K, 89% used [0x00000000c0000000,0x00000000c9b21ff0,0x00000000cad80000)
 Metaspace       used 71547K, committed 72704K, reserved 1114112K
  class space    used 7541K, committed 8064K, reserved 1048576K
}
Event: 48.643 GC heap before
{Heap before GC invocations=107 (full 7):
 PSYoungGen      total 14848K, used 14820K [0x00000000eab00000, 0x00000000ebf00000, 0x0000000100000000)
  eden space 10752K, 100% used [0x00000000eab00000,0x00000000eb580000,0x00000000eb580000)
  from space 4096K, 99% used [0x00000000ebb00000,0x00000000ebef9238,0x00000000ebf00000)
  to   space 4608K, 0% used [0x00000000eb600000,0x00000000eb600000,0x00000000eba80000)
 ParOldGen       total 177664K, used 158855K [0x00000000c0000000, 0x00000000cad80000, 0x00000000eab00000)
  object space 177664K, 89% used [0x00000000c0000000,0x00000000c9b21ff0,0x00000000cad80000)
 Metaspace       used 72056K, committed 73216K, reserved 1114112K
  class space    used 7597K, committed 8128K, reserved 1048576K
}
Event: 48.647 GC heap after
{Heap after GC invocations=107 (full 7):
 PSYoungGen      total 15872K, used 4596K [0x00000000eab00000, 0x00000000ec280000, 0x0000000100000000)
  eden space 11264K, 0% used [0x00000000eab00000,0x00000000eab00000,0x00000000eb600000)
  from space 4608K, 99% used [0x00000000eb600000,0x00000000eba7d2f0,0x00000000eba80000)
  to   space 6144K, 0% used [0x00000000ebc80000,0x00000000ebc80000,0x00000000ec280000)
 ParOldGen       total 177664K, used 159826K [0x00000000c0000000, 0x00000000cad80000, 0x00000000eab00000)
  object space 177664K, 89% used [0x00000000c0000000,0x00000000c9c14bf0,0x00000000cad80000)
 Metaspace       used 72056K, committed 73216K, reserved 1114112K
  class space    used 7597K, committed 8128K, reserved 1048576K
}
Event: 48.840 GC heap before
{Heap before GC invocations=108 (full 7):
 PSYoungGen      total 15872K, used 15778K [0x00000000eab00000, 0x00000000ec280000, 0x0000000100000000)
  eden space 11264K, 99% used [0x00000000eab00000,0x00000000eb5eb6d8,0x00000000eb600000)
  from space 4608K, 99% used [0x00000000eb600000,0x00000000eba7d2f0,0x00000000eba80000)
  to   space 6144K, 0% used [0x00000000ebc80000,0x00000000ebc80000,0x00000000ec280000)
 ParOldGen       total 177664K, used 159826K [0x00000000c0000000, 0x00000000cad80000, 0x00000000eab00000)
  object space 177664K, 89% used [0x00000000c0000000,0x00000000c9c14bf0,0x00000000cad80000)
 Metaspace       used 72727K, committed 73920K, reserved 1179648K
  class space    used 7667K, committed 8192K, reserved 1048576K
}
Event: 48.847 GC heap after
{Heap after GC invocations=108 (full 7):
 PSYoungGen      total 15360K, used 3070K [0x00000000eab00000, 0x00000000ebf80000, 0x0000000100000000)
  eden space 12288K, 0% used [0x00000000eab00000,0x00000000eab00000,0x00000000eb700000)
  from space 3072K, 99% used [0x00000000ebc80000,0x00000000ebf7fa20,0x00000000ebf80000)
  to   space 4096K, 0% used [0x00000000eb780000,0x00000000eb780000,0x00000000ebb80000)
 ParOldGen       total 177664K, used 162832K [0x00000000c0000000, 0x00000000cad80000, 0x00000000eab00000)
  object space 177664K, 91% used [0x00000000c0000000,0x00000000c9f04150,0x00000000cad80000)
 Metaspace       used 72727K, committed 73920K, reserved 1179648K
  class space    used 7667K, committed 8192K, reserved 1048576K
}
Event: 48.946 GC heap before
{Heap before GC invocations=109 (full 7):
 PSYoungGen      total 15360K, used 14102K [0x00000000eab00000, 0x00000000ebf80000, 0x0000000100000000)
  eden space 12288K, 89% used [0x00000000eab00000,0x00000000eb5c5f90,0x00000000eb700000)
  from space 3072K, 99% used [0x00000000ebc80000,0x00000000ebf7fa20,0x00000000ebf80000)
  to   space 4096K, 0% used [0x00000000eb780000,0x00000000eb780000,0x00000000ebb80000)
 ParOldGen       total 177664K, used 162832K [0x00000000c0000000, 0x00000000cad80000, 0x00000000eab00000)
  object space 177664K, 91% used [0x00000000c0000000,0x00000000c9f04150,0x00000000cad80000)
 Metaspace       used 73185K, committed 74368K, reserved 1179648K
  class space    used 7708K, committed 8192K, reserved 1048576K
}
Event: 48.952 GC heap after
{Heap after GC invocations=109 (full 7):
 PSYoungGen      total 16896K, used 4081K [0x00000000eab00000, 0x00000000ec500000, 0x0000000100000000)
  eden space 12800K, 0% used [0x00000000eab00000,0x00000000eab00000,0x00000000eb780000)
  from space 4096K, 99% used [0x00000000eb780000,0x00000000ebb7c7a0,0x00000000ebb80000)
  to   space 6656K, 0% used [0x00000000ebe80000,0x00000000ebe80000,0x00000000ec500000)
 ParOldGen       total 177664K, used 164428K [0x00000000c0000000, 0x00000000cad80000, 0x00000000eab00000)
  object space 177664K, 92% used [0x00000000c0000000,0x00000000ca093010,0x00000000cad80000)
 Metaspace       used 73185K, committed 74368K, reserved 1179648K
  class space    used 7708K, committed 8192K, reserved 1048576K
}
Event: 49.085 GC heap before
{Heap before GC invocations=110 (full 7):
 PSYoungGen      total 16896K, used 16881K [0x00000000eab00000, 0x00000000ec500000, 0x0000000100000000)
  eden space 12800K, 100% used [0x00000000eab00000,0x00000000eb780000,0x00000000eb780000)
  from space 4096K, 99% used [0x00000000eb780000,0x00000000ebb7c7a0,0x00000000ebb80000)
  to   space 6656K, 0% used [0x00000000ebe80000,0x00000000ebe80000,0x00000000ec500000)
 ParOldGen       total 177664K, used 164428K [0x00000000c0000000, 0x00000000cad80000, 0x00000000eab00000)
  object space 177664K, 92% used [0x00000000c0000000,0x00000000ca093010,0x00000000cad80000)
 Metaspace       used 73453K, committed 74624K, reserved 1179648K
  class space    used 7733K, committed 8256K, reserved 1048576K
}
Event: 49.093 GC heap after
{Heap after GC invocations=110 (full 7):
 PSYoungGen      total 19968K, used 6166K [0x00000000eab00000, 0x00000000ec580000, 0x0000000100000000)
  eden space 13312K, 0% used [0x00000000eab00000,0x00000000eab00000,0x00000000eb800000)
  from space 6656K, 92% used [0x00000000ebe80000,0x00000000ec485b10,0x00000000ec500000)
  to   space 6656K, 0% used [0x00000000eb800000,0x00000000eb800000,0x00000000ebe80000)
 ParOldGen       total 177664K, used 166050K [0x00000000c0000000, 0x00000000cad80000, 0x00000000eab00000)
  object space 177664K, 93% used [0x00000000c0000000,0x00000000ca228b40,0x00000000cad80000)
 Metaspace       used 73453K, committed 74624K, reserved 1179648K
  class space    used 7733K, committed 8256K, reserved 1048576K
}
Event: 49.175 GC heap before
{Heap before GC invocations=111 (full 7):
 PSYoungGen      total 19968K, used 18888K [0x00000000eab00000, 0x00000000ec580000, 0x0000000100000000)
  eden space 13312K, 95% used [0x00000000eab00000,0x00000000eb76c568,0x00000000eb800000)
  from space 6656K, 92% used [0x00000000ebe80000,0x00000000ec485b10,0x00000000ec500000)
  to   space 6656K, 0% used [0x00000000eb800000,0x00000000eb800000,0x00000000ebe80000)
 ParOldGen       total 177664K, used 173336K [0x00000000c0000000, 0x00000000cad80000, 0x00000000eab00000)
  object space 177664K, 97% used [0x00000000c0000000,0x00000000ca946358,0x00000000cad80000)
 Metaspace       used 73592K, committed 74752K, reserved 1179648K
  class space    used 7751K, committed 8256K, reserved 1048576K
}
Event: 49.181 GC heap after
{Heap after GC invocations=111 (full 7):
 PSYoungGen      total 19968K, used 6645K [0x00000000eab00000, 0x00000000ec880000, 0x0000000100000000)
  eden space 13312K, 0% used [0x00000000eab00000,0x00000000eab00000,0x00000000eb800000)
  from space 6656K, 99% used [0x00000000eb800000,0x00000000ebe7d5d0,0x00000000ebe80000)
  to   space 8192K, 0% used [0x00000000ec080000,0x00000000ec080000,0x00000000ec880000)
 ParOldGen       total 177664K, used 174368K [0x00000000c0000000, 0x00000000cad80000, 0x00000000eab00000)
  object space 177664K, 98% used [0x00000000c0000000,0x00000000caa48038,0x00000000cad80000)
 Metaspace       used 73592K, committed 74752K, reserved 1179648K
  class space    used 7751K, committed 8256K, reserved 1048576K
}
Event: 49.339 GC heap before
{Heap before GC invocations=112 (full 7):
 PSYoungGen      total 19968K, used 19957K [0x00000000eab00000, 0x00000000ec880000, 0x0000000100000000)
  eden space 13312K, 100% used [0x00000000eab00000,0x00000000eb800000,0x00000000eb800000)
  from space 6656K, 99% used [0x00000000eb800000,0x00000000ebe7d5d0,0x00000000ebe80000)
  to   space 8192K, 0% used [0x00000000ec080000,0x00000000ec080000,0x00000000ec880000)
 ParOldGen       total 193024K, used 189691K [0x00000000c0000000, 0x00000000cbc80000, 0x00000000eab00000)
  object space 193024K, 98% used [0x00000000c0000000,0x00000000cb93ecb0,0x00000000cbc80000)
 Metaspace       used 73968K, committed 75200K, reserved 1179648K
  class space    used 7778K, committed 8320K, reserved 1048576K
}
Event: 49.344 GC heap after
{Heap after GC invocations=112 (full 7):
 PSYoungGen      total 17920K, used 3135K [0x00000000eab00000, 0x00000000ec400000, 0x0000000100000000)
  eden space 14336K, 0% used [0x00000000eab00000,0x00000000eab00000,0x00000000eb900000)
  from space 3584K, 87% used [0x00000000ec080000,0x00000000ec38ffe8,0x00000000ec400000)
  to   space 5120K, 0% used [0x00000000eba00000,0x00000000eba00000,0x00000000ebf00000)
 ParOldGen       total 194048K, used 193637K [0x00000000c0000000, 0x00000000cbd80000, 0x00000000eab00000)
  object space 194048K, 99% used [0x00000000c0000000,0x00000000cbd19480,0x00000000cbd80000)
 Metaspace       used 73968K, committed 75200K, reserved 1179648K
  class space    used 7778K, committed 8320K, reserved 1048576K
}
Event: 49.782 GC heap before
{Heap before GC invocations=113 (full 8):
 PSYoungGen      total 17920K, used 17471K [0x00000000eab00000, 0x00000000ec400000, 0x0000000100000000)
  eden space 14336K, 100% used [0x00000000eab00000,0x00000000eb900000,0x00000000eb900000)
  from space 3584K, 87% used [0x00000000ec080000,0x00000000ec38ffe8,0x00000000ec400000)
  to   space 5120K, 0% used [0x00000000eba00000,0x00000000eba00000,0x00000000ebf00000)
 ParOldGen       total 216576K, used 215655K [0x00000000c0000000, 0x00000000cd380000, 0x00000000eab00000)
  object space 216576K, 99% used [0x00000000c0000000,0x00000000cd299fc0,0x00000000cd380000)
 Metaspace       used 74656K, committed 75776K, reserved 1179648K
  class space    used 7843K, committed 8384K, reserved 1048576K
}

