# JRE version: OpenJDK Runtime Environment Temurin-17.0.13+11 (17.0.13+11) (build 17.0.13+11)
# Java VM: OpenJDK 64-Bit Server VM Temurin-17.0.13+11 (17.0.13+11, mixed mode, tiered, compressed oops, compressed class ptrs, parallel gc, windows-amd64)
GC Precious Log:
 CPUs: 16 total, 16 available
 Memory: 16088M
 Large Page Support: Disabled
 NUMA Support: Disabled
 Compressed Oops: Enabled (32-bit)
 Alignments: Space 512K, Generation 512K, Heap 2M
 Heap Min Capacity: 100M
 Heap Initial Capacity: 100M
 Heap Max Capacity: 1G
 Pre-touch: Disabled
 Parallel Workers: 13
Heap:
 PSYoungGen      total 23552K, used 10365K [0x00000000eab00000, 0x00000000ec600000, 0x0000000100000000)
  eden space 19456K, 34% used [0x00000000eab00000,0x00000000eb182098,0x00000000ebe00000)
  from space 4096K, 90% used [0x00000000ebe00000,0x00000000ec19d688,0x00000000ec200000)
  to   space 4096K, 0% used [0x00000000ec200000,0x00000000ec200000,0x00000000ec600000)
 ParOldGen       total 68608K, used 42177K [0x00000000c0000000, 0x00000000c4300000, 0x00000000eab00000)
  object space 68608K, 61% used [0x00000000c0000000,0x00000000c29306d0,0x00000000c4300000)
 Metaspace       used 56758K, committed 57856K, reserved 1114112K
  class space    used 5894K, committed 6336K, reserved 1048576K
GC Heap History (20 events):
Event: 25.884 GC heap before
{Heap before GC invocations=20 (full 2):
 PSYoungGen      total 24576K, used 24557K [0x00000000eab00000, 0x00000000ecc80000, 0x0000000100000000)
  eden space 22016K, 99% used [0x00000000eab00000,0x00000000ec07fe80,0x00000000ec080000)
  from space 2560K, 99% used [0x00000000ec180000,0x00000000ec3fb870,0x00000000ec400000)
  to   space 6144K, 0% used [0x00000000ec680000,0x00000000ec680000,0x00000000ecc80000)
 ParOldGen       total 68608K, used 24857K [0x00000000c0000000, 0x00000000c4300000, 0x00000000eab00000)
  object space 68608K, 36% used [0x00000000c0000000,0x00000000c1846630,0x00000000c4300000)
 Metaspace       used 44923K, committed 45888K, reserved 1114112K
  class space    used 4550K, committed 4928K, reserved 1048576K
}
Event: 25.888 GC heap after
{Heap after GC invocations=20 (full 2):
 PSYoungGen      total 25600K, used 3388K [0x00000000eab00000, 0x00000000eca00000, 0x0000000100000000)
  eden space 22016K, 0% used [0x00000000eab00000,0x00000000eab00000,0x00000000ec080000)
  from space 3584K, 94% used [0x00000000ec680000,0x00000000ec9cf270,0x00000000eca00000)
  to   space 4608K, 0% used [0x00000000ec100000,0x00000000ec100000,0x00000000ec580000)
 ParOldGen       total 68608K, used 27183K [0x00000000c0000000, 0x00000000c4300000, 0x00000000eab00000)
  object space 68608K, 39% used [0x00000000c0000000,0x00000000c1a8bd00,0x00000000c4300000)
 Metaspace       used 44923K, committed 45888K, reserved 1114112K
  class space    used 4550K, committed 4928K, reserved 1048576K
}
Event: 27.473 GC heap before
{Heap before GC invocations=21 (full 2):
 PSYoungGen      total 25600K, used 25400K [0x00000000eab00000, 0x00000000eca00000, 0x0000000100000000)
  eden space 22016K, 99% used [0x00000000eab00000,0x00000000ec07ef18,0x00000000ec080000)
  from space 3584K, 94% used [0x00000000ec680000,0x00000000ec9cf270,0x00000000eca00000)
  to   space 4608K, 0% used [0x00000000ec100000,0x00000000ec100000,0x00000000ec580000)
 ParOldGen       total 68608K, used 27183K [0x00000000c0000000, 0x00000000c4300000, 0x00000000eab00000)
  object space 68608K, 39% used [0x00000000c0000000,0x00000000c1a8bd00,0x00000000c4300000)
 Metaspace       used 46621K, committed 47552K, reserved 1114112K
  class space    used 4728K, committed 5120K, reserved 1048576K
}
Event: 27.478 GC heap after
{Heap after GC invocations=21 (full 2):
 PSYoungGen      total 24064K, used 1608K [0x00000000eab00000, 0x00000000ec700000, 0x0000000100000000)
  eden space 22016K, 0% used [0x00000000eab00000,0x00000000eab00000,0x00000000ec080000)
  from space 2048K, 78% used [0x00000000ec100000,0x00000000ec2923a8,0x00000000ec300000)
  to   space 2560K, 0% used [0x00000000ec480000,0x00000000ec480000,0x00000000ec700000)
 ParOldGen       total 68608K, used 30042K [0x00000000c0000000, 0x00000000c4300000, 0x00000000eab00000)
  object space 68608K, 43% used [0x00000000c0000000,0x00000000c1d56830,0x00000000c4300000)
 Metaspace       used 46621K, committed 47552K, reserved 1114112K
  class space    used 4728K, committed 5120K, reserved 1048576K
}
Event: 28.344 GC heap before
{Heap before GC invocations=22 (full 2):
 PSYoungGen      total 24064K, used 23624K [0x00000000eab00000, 0x00000000ec700000, 0x0000000100000000)
  eden space 22016K, 100% used [0x00000000eab00000,0x00000000ec080000,0x00000000ec080000)
  from space 2048K, 78% used [0x00000000ec100000,0x00000000ec2923a8,0x00000000ec300000)
  to   space 2560K, 0% used [0x00000000ec480000,0x00000000ec480000,0x00000000ec700000)
 ParOldGen       total 68608K, used 30042K [0x00000000c0000000, 0x00000000c4300000, 0x00000000eab00000)
  object space 68608K, 43% used [0x00000000c0000000,0x00000000c1d56830,0x00000000c4300000)
 Metaspace       used 48189K, committed 49216K, reserved 1114112K
  class space    used 4933K, committed 5376K, reserved 1048576K
}
Event: 28.347 GC heap after
{Heap after GC invocations=22 (full 2):
 PSYoungGen      total 23040K, used 994K [0x00000000eab00000, 0x00000000ec580000, 0x0000000100000000)
  eden space 22016K, 0% used [0x00000000eab00000,0x00000000eab00000,0x00000000ec080000)
  from space 1024K, 97% used [0x00000000ec480000,0x00000000ec578a10,0x00000000ec580000)
  to   space 1536K, 0% used [0x00000000ec280000,0x00000000ec280000,0x00000000ec400000)
 ParOldGen       total 68608K, used 31413K [0x00000000c0000000, 0x00000000c4300000, 0x00000000eab00000)
  object space 68608K, 45% used [0x00000000c0000000,0x00000000c1ead4c0,0x00000000c4300000)
 Metaspace       used 48189K, committed 49216K, reserved 1114112K
  class space    used 4933K, committed 5376K, reserved 1048576K
}
Event: 29.089 GC heap before
{Heap before GC invocations=23 (full 2):
 PSYoungGen      total 23040K, used 23010K [0x00000000eab00000, 0x00000000ec580000, 0x0000000100000000)
  eden space 22016K, 100% used [0x00000000eab00000,0x00000000ec080000,0x00000000ec080000)
  from space 1024K, 97% used [0x00000000ec480000,0x00000000ec578a10,0x00000000ec580000)
  to   space 1536K, 0% used [0x00000000ec280000,0x00000000ec280000,0x00000000ec400000)
 ParOldGen       total 68608K, used 31413K [0x00000000c0000000, 0x00000000c4300000, 0x00000000eab00000)
  object space 68608K, 45% used [0x00000000c0000000,0x00000000c1ead4c0,0x00000000c4300000)
 Metaspace       used 49739K, committed 50688K, reserved 1114112K
  class space    used 5139K, committed 5568K, reserved 1048576K
}
Event: 29.091 GC heap after
{Heap after GC invocations=23 (full 2):
 PSYoungGen      total 23552K, used 1504K [0x00000000eab00000, 0x00000000ec580000, 0x0000000100000000)
  eden space 22016K, 0% used [0x00000000eab00000,0x00000000eab00000,0x00000000ec080000)
  from space 1536K, 97% used [0x00000000ec280000,0x00000000ec3f8038,0x00000000ec400000)
  to   space 1536K, 0% used [0x00000000ec400000,0x00000000ec400000,0x00000000ec580000)
 ParOldGen       total 68608K, used 32062K [0x00000000c0000000, 0x00000000c4300000, 0x00000000eab00000)
  object space 68608K, 46% used [0x00000000c0000000,0x00000000c1f4f9f8,0x00000000c4300000)
 Metaspace       used 49739K, committed 50688K, reserved 1114112K
  class space    used 5139K, committed 5568K, reserved 1048576K
}
Event: 29.442 GC heap before
{Heap before GC invocations=24 (full 2):
 PSYoungGen      total 23552K, used 23520K [0x00000000eab00000, 0x00000000ec580000, 0x0000000100000000)
  eden space 22016K, 100% used [0x00000000eab00000,0x00000000ec080000,0x00000000ec080000)
  from space 1536K, 97% used [0x00000000ec280000,0x00000000ec3f8038,0x00000000ec400000)
  to   space 1536K, 0% used [0x00000000ec400000,0x00000000ec400000,0x00000000ec580000)
 ParOldGen       total 68608K, used 32062K [0x00000000c0000000, 0x00000000c4300000, 0x00000000eab00000)
  object space 68608K, 46% used [0x00000000c0000000,0x00000000c1f4f9f8,0x00000000c4300000)
 Metaspace       used 50798K, committed 51776K, reserved 1114112K
  class space    used 5270K, committed 5696K, reserved 1048576K
}
Event: 29.445 GC heap after
{Heap after GC invocations=24 (full 2):
 PSYoungGen      total 23552K, used 1532K [0x00000000eab00000, 0x00000000ec780000, 0x0000000100000000)
  eden space 22016K, 0% used [0x00000000eab00000,0x00000000eab00000,0x00000000ec080000)
  from space 1536K, 99% used [0x00000000ec400000,0x00000000ec57f200,0x00000000ec580000)
  to   space 3584K, 0% used [0x00000000ec080000,0x00000000ec080000,0x00000000ec400000)
 ParOldGen       total 68608K, used 33579K [0x00000000c0000000, 0x00000000c4300000, 0x00000000eab00000)
  object space 68608K, 48% used [0x00000000c0000000,0x00000000c20cac18,0x00000000c4300000)
 Metaspace       used 50798K, committed 51776K, reserved 1114112K
  class space    used 5270K, committed 5696K, reserved 1048576K
}
Event: 29.777 GC heap before
{Heap before GC invocations=25 (full 2):
 PSYoungGen      total 23552K, used 23457K [0x00000000eab00000, 0x00000000ec780000, 0x0000000100000000)
  eden space 22016K, 99% used [0x00000000eab00000,0x00000000ec069410,0x00000000ec080000)
  from space 1536K, 99% used [0x00000000ec400000,0x00000000ec57f200,0x00000000ec580000)
  to   space 3584K, 0% used [0x00000000ec080000,0x00000000ec080000,0x00000000ec400000)
 ParOldGen       total 68608K, used 33579K [0x00000000c0000000, 0x00000000c4300000, 0x00000000eab00000)
  object space 68608K, 48% used [0x00000000c0000000,0x00000000c20cac18,0x00000000c4300000)
 Metaspace       used 52759K, committed 53760K, reserved 1114112K
  class space    used 5432K, committed 5824K, reserved 1048576K
}
Event: 29.779 GC heap after
{Heap after GC invocations=25 (full 2):
 PSYoungGen      total 25088K, used 2637K [0x00000000eab00000, 0x00000000ec680000, 0x0000000100000000)
  eden space 22016K, 0% used [0x00000000eab00000,0x00000000eab00000,0x00000000ec080000)
  from space 3072K, 85% used [0x00000000ec080000,0x00000000ec313678,0x00000000ec380000)
  to   space 3072K, 0% used [0x00000000ec380000,0x00000000ec380000,0x00000000ec680000)
 ParOldGen       total 68608K, used 35092K [0x00000000c0000000, 0x00000000c4300000, 0x00000000eab00000)
  object space 68608K, 51% used [0x00000000c0000000,0x00000000c22453c8,0x00000000c4300000)
 Metaspace       used 52759K, committed 53760K, reserved 1114112K
  class space    used 5432K, committed 5824K, reserved 1048576K
}
Event: 29.898 GC heap before
{Heap before GC invocations=26 (full 2):
 PSYoungGen      total 25088K, used 24653K [0x00000000eab00000, 0x00000000ec680000, 0x0000000100000000)
  eden space 22016K, 100% used [0x00000000eab00000,0x00000000ec080000,0x00000000ec080000)
  from space 3072K, 85% used [0x00000000ec080000,0x00000000ec313678,0x00000000ec380000)
  to   space 3072K, 0% used [0x00000000ec380000,0x00000000ec380000,0x00000000ec680000)
 ParOldGen       total 68608K, used 35092K [0x00000000c0000000, 0x00000000c4300000, 0x00000000eab00000)
  object space 68608K, 51% used [0x00000000c0000000,0x00000000c22453c8,0x00000000c4300000)
 Metaspace       used 53072K, committed 54080K, reserved 1114112K
  class space    used 5470K, committed 5888K, reserved 1048576K
}
Event: 29.901 GC heap after
{Heap after GC invocations=26 (full 2):
 PSYoungGen      total 24576K, used 2200K [0x00000000eab00000, 0x00000000ec600000, 0x0000000100000000)
  eden space 22016K, 0% used [0x00000000eab00000,0x00000000eab00000,0x00000000ec080000)
  from space 2560K, 85% used [0x00000000ec380000,0x00000000ec5a6258,0x00000000ec600000)
  to   space 2560K, 0% used [0x00000000ec100000,0x00000000ec100000,0x00000000ec380000)
 ParOldGen       total 68608K, used 37486K [0x00000000c0000000, 0x00000000c4300000, 0x00000000eab00000)
  object space 68608K, 54% used [0x00000000c0000000,0x00000000c249b848,0x00000000c4300000)
 Metaspace       used 53072K, committed 54080K, reserved 1114112K
  class space    used 5470K, committed 5888K, reserved 1048576K
}
Event: 30.082 GC heap before
{Heap before GC invocations=27 (full 2):
 PSYoungGen      total 24576K, used 24216K [0x00000000eab00000, 0x00000000ec600000, 0x0000000100000000)
  eden space 22016K, 100% used [0x00000000eab00000,0x00000000ec080000,0x00000000ec080000)
  from space 2560K, 85% used [0x00000000ec380000,0x00000000ec5a6258,0x00000000ec600000)
  to   space 2560K, 0% used [0x00000000ec100000,0x00000000ec100000,0x00000000ec380000)
 ParOldGen       total 68608K, used 37501K [0x00000000c0000000, 0x00000000c4300000, 0x00000000eab00000)
  object space 68608K, 54% used [0x00000000c0000000,0x00000000c249f438,0x00000000c4300000)
 Metaspace       used 53655K, committed 54592K, reserved 1114112K
  class space    used 5517K, committed 5888K, reserved 1048576K
}
Event: 30.084 GC heap after
{Heap after GC invocations=27 (full 2):
 PSYoungGen      total 23040K, used 689K [0x00000000eab00000, 0x00000000ec400000, 0x0000000100000000)
  eden space 22016K, 0% used [0x00000000eab00000,0x00000000eab00000,0x00000000ec080000)
  from space 1024K, 67% used [0x00000000ec100000,0x00000000ec1ac4a8,0x00000000ec200000)
  to   space 1536K, 0% used [0x00000000ec280000,0x00000000ec280000,0x00000000ec400000)
 ParOldGen       total 68608K, used 38513K [0x00000000c0000000, 0x00000000c4300000, 0x00000000eab00000)
  object space 68608K, 56% used [0x00000000c0000000,0x00000000c259c6a8,0x00000000c4300000)
 Metaspace       used 53655K, committed 54592K, reserved 1114112K
  class space    used 5517K, committed 5888K, reserved 1048576K
}
Event: 30.810 GC heap before
{Heap before GC invocations=28 (full 2):
 PSYoungGen      total 23040K, used 22705K [0x00000000eab00000, 0x00000000ec400000, 0x0000000100000000)
  eden space 22016K, 100% used [0x00000000eab00000,0x00000000ec080000,0x00000000ec080000)
  from space 1024K, 67% used [0x00000000ec100000,0x00000000ec1ac4a8,0x00000000ec200000)
  to   space 1536K, 0% used [0x00000000ec280000,0x00000000ec280000,0x00000000ec400000)
 ParOldGen       total 68608K, used 38516K [0x00000000c0000000, 0x00000000c4300000, 0x00000000eab00000)
  object space 68608K, 56% used [0x00000000c0000000,0x00000000c259d3b0,0x00000000c4300000)
 Metaspace       used 55208K, committed 56192K, reserved 1114112K
  class space    used 5693K, committed 6080K, reserved 1048576K
}
Event: 30.814 GC heap after
{Heap after GC invocations=28 (full 2):
 PSYoungGen      total 20992K, used 1532K [0x00000000eab00000, 0x00000000ec980000, 0x0000000100000000)
  eden space 19456K, 0% used [0x00000000eab00000,0x00000000eab00000,0x00000000ebe00000)
  from space 1536K, 99% used [0x00000000ec280000,0x00000000ec3ff1a8,0x00000000ec400000)
  to   space 4608K, 0% used [0x00000000ebe00000,0x00000000ebe00000,0x00000000ec280000)
 ParOldGen       total 68608K, used 40659K [0x00000000c0000000, 0x00000000c4300000, 0x00000000eab00000)
  object space 68608K, 59% used [0x00000000c0000000,0x00000000c27b4e50,0x00000000c4300000)
 Metaspace       used 55208K, committed 56192K, reserved 1114112K
  class space    used 5693K, committed 6080K, reserved 1048576K
}
Event: 31.193 GC heap before
{Heap before GC invocations=29 (full 2):
 PSYoungGen      total 20992K, used 20988K [0x00000000eab00000, 0x00000000ec980000, 0x0000000100000000)
  eden space 19456K, 100% used [0x00000000eab00000,0x00000000ebe00000,0x00000000ebe00000)
  from space 1536K, 99% used [0x00000000ec280000,0x00000000ec3ff1a8,0x00000000ec400000)
  to   space 4608K, 0% used [0x00000000ebe00000,0x00000000ebe00000,0x00000000ec280000)
 ParOldGen       total 68608K, used 40659K [0x00000000c0000000, 0x00000000c4300000, 0x00000000eab00000)
  object space 68608K, 59% used [0x00000000c0000000,0x00000000c27b4e50,0x00000000c4300000)
 Metaspace       used 56109K, committed 57088K, reserved 1114112K
  class space    used 5812K, committed 6208K, reserved 1048576K
}
Event: 31.197 GC heap after
{Heap after GC invocations=29 (full 2):
 PSYoungGen      total 23552K, used 3701K [0x00000000eab00000, 0x00000000ec600000, 0x0000000100000000)
  eden space 19456K, 0% used [0x00000000eab00000,0x00000000eab00000,0x00000000ebe00000)
  from space 4096K, 90% used [0x00000000ebe00000,0x00000000ec19d688,0x00000000ec200000)
  to   space 4096K, 0% used [0x00000000ec200000,0x00000000ec200000,0x00000000ec600000)
 ParOldGen       total 68608K, used 42177K [0x00000000c0000000, 0x00000000c4300000, 0x00000000eab00000)
  object space 68608K, 61% used [0x00000000c0000000,0x00000000c29306d0,0x00000000c4300000)
 Metaspace       used 56109K, committed 57088K, reserved 1114112K
  class space    used 5812K, committed 6208K, reserved 1048576K
}

